# JRE version: OpenJDK Runtime Environment (8.0_152-b06) (build 1.8.0_152-release-1136-b06)
# Java VM: OpenJDK 64-Bit Server VM (25.152-b06 mixed mode windows-amd64 compressed oops)
Heap:
 PSYoungGen      total 205312K, used 164039K [0x00000000d5580000, 0x00000000e6c00000, 0x0000000100000000)
  eden space 184320K, 88% used [0x00000000d5580000,0x00000000df5b1e78,0x00000000e0980000)
  from space 20992K, 0% used [0x00000000e0980000,0x00000000e0980000,0x00000000e1e00000)
  to   space 20992K, 0% used [0x00000000e5780000,0x00000000e5780000,0x00000000e6c00000)
 ParOldGen       total 137216K, used 37919K [0x0000000080000000, 0x0000000088600000, 0x00000000d5580000)
  object space 137216K, 27% used [0x0000000080000000,0x0000000082507f68,0x0000000088600000)
 Metaspace       used 61278K, capacity 63136K, committed 63360K, reserved 1103872K
  class space    used 8311K, capacity 8799K, committed 8832K, reserved 1048576K
GC Heap History (10 events):
Event: 3.389 GC heap before
{Heap before GC invocations=10 (full 2):
 PSYoungGen      total 156160K, used 8638K [0x00000000d5580000, 0x00000000e3200000, 0x0000000100000000)
  eden space 143872K, 0% used [0x00000000d5580000,0x00000000d5580000,0x00000000de200000)
  from space 12288K, 70% used [0x00000000dee00000,0x00000000df66fbe0,0x00000000dfa00000)
  to   space 12288K, 0% used [0x00000000de200000,0x00000000de200000,0x00000000dee00000)
 ParOldGen       total 59904K, used 10599K [0x0000000080000000, 0x0000000083a80000, 0x00000000d5580000)
  object space 59904K, 17% used [0x0000000080000000,0x0000000080a59ee0,0x0000000083a80000)
 Metaspace       used 34576K, capacity 35252K, committed 35416K, reserved 1079296K
  class space    used 4792K, capacity 5026K, committed 5120K, reserved 1048576K
Event: 3.446 GC heap after
Heap after GC invocations=10 (full 2):
 PSYoungGen      total 156160K, used 0K [0x00000000d5580000, 0x00000000e3200000, 0x0000000100000000)
  eden space 143872K, 0% used [0x00000000d5580000,0x00000000d5580000,0x00000000de200000)
  from space 12288K, 0% used [0x00000000dee00000,0x00000000dee00000,0x00000000dfa00000)
  to   space 12288K, 0% used [0x00000000de200000,0x00000000de200000,0x00000000dee00000)
 ParOldGen       total 84992K, used 15335K [0x0000000080000000, 0x0000000085300000, 0x00000000d5580000)
  object space 84992K, 18% used [0x0000000080000000,0x0000000080ef9e58,0x0000000085300000)
 Metaspace       used 34576K, capacity 35252K, committed 35416K, reserved 1079296K
  class space    used 4792K, capacity 5026K, committed 5120K, reserved 1048576K
}
Event: 4.411 GC heap before
{Heap before GC invocations=11 (full 2):
 PSYoungGen      total 156160K, used 143872K [0x00000000d5580000, 0x00000000e3200000, 0x0000000100000000)
  eden space 143872K, 100% used [0x00000000d5580000,0x00000000de200000,0x00000000de200000)
  from space 12288K, 0% used [0x00000000dee00000,0x00000000dee00000,0x00000000dfa00000)
  to   space 12288K, 0% used [0x00000000de200000,0x00000000de200000,0x00000000dee00000)
 ParOldGen       total 84992K, used 15335K [0x0000000080000000, 0x0000000085300000, 0x00000000d5580000)
  object space 84992K, 18% used [0x0000000080000000,0x0000000080ef9e58,0x0000000085300000)
 Metaspace       used 43882K, capacity 44790K, committed 44928K, reserved 1087488K
  class space    used 5985K, capacity 6268K, committed 6272K, reserved 1048576K
Event: 4.423 GC heap after
Heap after GC invocations=11 (full 2):
 PSYoungGen      total 156160K, used 12279K [0x00000000d5580000, 0x00000000e2d00000, 0x0000000100000000)
  eden space 143872K, 0% used [0x00000000d5580000,0x00000000d5580000,0x00000000de200000)
  from space 12288K, 99% used [0x00000000de200000,0x00000000dedfdda0,0x00000000dee00000)
  to   space 15360K, 0% used [0x00000000e1e00000,0x00000000e1e00000,0x00000000e2d00000)
 ParOldGen       total 84992K, used 19522K [0x0000000080000000, 0x0000000085300000, 0x00000000d5580000)
  object space 84992K, 22% used [0x0000000080000000,0x0000000081310bc8,0x0000000085300000)
 Metaspace       used 43882K, capacity 44790K, committed 44928K, reserved 1087488K
  class space    used 5985K, capacity 6268K, committed 6272K, reserved 1048576K
}
Event: 5.886 GC heap before
{Heap before GC invocations=12 (full 2):
 PSYoungGen      total 156160K, used 156151K [0x00000000d5580000, 0x00000000e2d00000, 0x0000000100000000)
  eden space 143872K, 100% used [0x00000000d5580000,0x00000000de200000,0x00000000de200000)
  from space 12288K, 99% used [0x00000000de200000,0x00000000dedfdda0,0x00000000dee00000)
  to   space 15360K, 0% used [0x00000000e1e00000,0x00000000e1e00000,0x00000000e2d00000)
 ParOldGen       total 84992K, used 19522K [0x0000000080000000, 0x0000000085300000, 0x00000000d5580000)
  object space 84992K, 22% used [0x0000000080000000,0x0000000081310bc8,0x0000000085300000)
 Metaspace       used 55363K, capacity 57300K, committed 57600K, reserved 1099776K
  class space    used 7552K, capacity 8069K, committed 8192K, reserved 1048576K
Event: 5.918 GC heap after
Heap after GC invocations=12 (full 2):
 PSYoungGen      total 199680K, used 15351K [0x00000000d5580000, 0x00000000e3680000, 0x0000000100000000)
  eden space 184320K, 0% used [0x00000000d5580000,0x00000000d5580000,0x00000000e0980000)
  from space 15360K, 99% used [0x00000000e1e00000,0x00000000e2cfdc08,0x00000000e2d00000)
  to   space 20992K, 0% used [0x00000000e0980000,0x00000000e0980000,0x00000000e1e00000)
 ParOldGen       total 84992K, used 30556K [0x0000000080000000, 0x0000000085300000, 0x00000000d5580000)
  object space 84992K, 35% used [0x0000000080000000,0x0000000081dd7370,0x0000000085300000)
 Metaspace       used 55363K, capacity 57300K, committed 57600K, reserved 1099776K
  class space    used 7552K, capacity 8069K, committed 8192K, reserved 1048576K
}
Event: 6.415 GC heap before
{Heap before GC invocations=13 (full 2):
 PSYoungGen      total 199680K, used 76125K [0x00000000d5580000, 0x00000000e3680000, 0x0000000100000000)
  eden space 184320K, 32% used [0x00000000d5580000,0x00000000d90d9918,0x00000000e0980000)
  from space 15360K, 99% used [0x00000000e1e00000,0x00000000e2cfdc08,0x00000000e2d00000)
  to   space 20992K, 0% used [0x00000000e0980000,0x00000000e0980000,0x00000000e1e00000)
 ParOldGen       total 84992K, used 30556K [0x0000000080000000, 0x0000000085300000, 0x00000000d5580000)
  object space 84992K, 35% used [0x0000000080000000,0x0000000081dd7370,0x0000000085300000)
 Metaspace       used 56981K, capacity 58832K, committed 59008K, reserved 1099776K
  class space    used 7737K, capacity 8207K, committed 8320K, reserved 1048576K
Event: 6.434 GC heap after
Heap after GC invocations=13 (full 2):
 PSYoungGen      total 205312K, used 4224K [0x00000000d5580000, 0x00000000e6c00000, 0x0000000100000000)
  eden space 184320K, 0% used [0x00000000d5580000,0x00000000d5580000,0x00000000e0980000)
  from space 20992K, 20% used [0x00000000e0980000,0x00000000e0da00c0,0x00000000e1e00000)
  to   space 20992K, 0% used [0x00000000e5780000,0x00000000e5780000,0x00000000e6c00000)
 ParOldGen       total 84992K, used 45864K [0x0000000080000000, 0x0000000085300000, 0x00000000d5580000)
  object space 84992K, 53% used [0x0000000080000000,0x0000000082cca328,0x0000000085300000)
 Metaspace       used 56981K, capacity 58832K, committed 59008K, reserved 1099776K
  class space    used 7737K, capacity 8207K, committed 8320K, reserved 1048576K
}
Event: 6.434 GC heap before
{Heap before GC invocations=14 (full 3):
 PSYoungGen      total 205312K, used 4224K [0x00000000d5580000, 0x00000000e6c00000, 0x0000000100000000)
  eden space 184320K, 0% used [0x00000000d5580000,0x00000000d5580000,0x00000000e0980000)
  from space 20992K, 20% used [0x00000000e0980000,0x00000000e0da00c0,0x00000000e1e00000)
  to   space 20992K, 0% used [0x00000000e5780000,0x00000000e5780000,0x00000000e6c00000)
 ParOldGen       total 84992K, used 45864K [0x0000000080000000, 0x0000000085300000, 0x00000000d5580000)
  object space 84992K, 53% used [0x0000000080000000,0x0000000082cca328,0x0000000085300000)
 Metaspace       used 56981K, capacity 58832K, committed 59008K, reserved 1099776K
  class space    used 7737K, capacity 8207K, committed 8320K, reserved 1048576K
Event: 6.602 GC heap after
Heap after GC invocations=14 (full 3):
 PSYoungGen      total 205312K, used 0K [0x00000000d5580000, 0x00000000e6c00000, 0x0000000100000000)
  eden space 184320K, 0% used [0x00000000d5580000,0x00000000d5580000,0x00000000e0980000)
  from space 20992K, 0% used [0x00000000e0980000,0x00000000e0980000,0x00000000e1e00000)
  to   space 20992K, 0% used [0x00000000e5780000,0x00000000e5780000,0x00000000e6c00000)
 ParOldGen       total 137216K, used 37919K [0x0000000080000000, 0x0000000088600000, 0x00000000d5580000)
  object space 137216K, 27% used [0x0000000080000000,0x0000000082507f68,0x0000000088600000)
 Metaspace       used 56981K, capacity 58832K, committed 59008K, reserved 1099776K
  class space    used 7737K, capacity 8207K, committed 8320K, reserved 1048576K
}

