# JRE version: OpenJDK Runtime Environment (8.0_152-b06) (build 1.8.0_152-release-1136-b06)
# Java VM: OpenJDK 64-Bit Server VM (25.152-b06 mixed mode windows-amd64 compressed oops)
Heap:
 PSYoungGen      total 206336K, used 21126K [0x00000000d5580000, 0x00000000e8a80000, 0x0000000100000000)
  eden space 192000K, 3% used [0x00000000d5580000,0x00000000d5c28890,0x00000000e1100000)
  from space 14336K, 99% used [0x00000000e1100000,0x00000000e1ef92d8,0x00000000e1f00000)
  to   space 19968K, 0% used [0x00000000e7700000,0x00000000e7700000,0x00000000e8a80000)
 ParOldGen       total 93696K, used 23873K [0x0000000080000000, 0x0000000085b80000, 0x00000000d5580000)
  object space 93696K, 25% used [0x0000000080000000,0x0000000081750690,0x0000000085b80000)
 Metaspace       used 50508K, capacity 51849K, committed 51968K, reserved 1097728K
  class space    used 6796K, capacity 7168K, committed 7168K, reserved 1048576K
GC Heap History (10 events):
Event: 2.059 GC heap before
{Heap before GC invocations=5 (full 1):
 PSYoungGen      total 128000K, used 5100K [0x00000000d5580000, 0x00000000dd780000, 0x0000000100000000)
  eden space 122880K, 0% used [0x00000000d5580000,0x00000000d5580000,0x00000000dcd80000)
  from space 5120K, 99% used [0x00000000dd280000,0x00000000dd77b090,0x00000000dd780000)
  to   space 5120K, 0% used [0x00000000dcd80000,0x00000000dcd80000,0x00000000dd280000)
 ParOldGen       total 81920K, used 9439K [0x0000000080000000, 0x0000000085000000, 0x00000000d5580000)
  object space 81920K, 11% used [0x0000000080000000,0x0000000080937e38,0x0000000085000000)
 Metaspace       used 20732K, capacity 21160K, committed 21248K, reserved 1067008K
  class space    used 2900K, capacity 3044K, committed 3072K, reserved 1048576K
Event: 2.085 GC heap after
Heap after GC invocations=5 (full 1):
 PSYoungGen      total 128000K, used 0K [0x00000000d5580000, 0x00000000dd780000, 0x0000000100000000)
  eden space 122880K, 0% used [0x00000000d5580000,0x00000000d5580000,0x00000000dcd80000)
  from space 5120K, 0% used [0x00000000dd280000,0x00000000dd280000,0x00000000dd780000)
  to   space 5120K, 0% used [0x00000000dcd80000,0x00000000dcd80000,0x00000000dd280000)
 ParOldGen       total 60416K, used 9538K [0x0000000080000000, 0x0000000083b00000, 0x00000000d5580000)
  object space 60416K, 15% used [0x0000000080000000,0x0000000080950870,0x0000000083b00000)
 Metaspace       used 20732K, capacity 21160K, committed 21248K, reserved 1067008K
  class space    used 2900K, capacity 3044K, committed 3072K, reserved 1048576K
}
Event: 3.140 GC heap before
{Heap before GC invocations=6 (full 1):
 PSYoungGen      total 128000K, used 122880K [0x00000000d5580000, 0x00000000dd780000, 0x0000000100000000)
  eden space 122880K, 100% used [0x00000000d5580000,0x00000000dcd80000,0x00000000dcd80000)
  from space 5120K, 0% used [0x00000000dd280000,0x00000000dd280000,0x00000000dd780000)
  to   space 5120K, 0% used [0x00000000dcd80000,0x00000000dcd80000,0x00000000dd280000)
 ParOldGen       total 60416K, used 9538K [0x0000000080000000, 0x0000000083b00000, 0x00000000d5580000)
  object space 60416K, 15% used [0x0000000080000000,0x0000000080950870,0x0000000083b00000)
 Metaspace       used 29440K, capacity 29896K, committed 30208K, reserved 1075200K
  class space    used 4120K, capacity 4283K, committed 4352K, reserved 1048576K
Event: 3.153 GC heap after
Heap after GC invocations=6 (full 1):
 PSYoungGen      total 128000K, used 5113K [0x00000000d5580000, 0x00000000e2c80000, 0x0000000100000000)
  eden space 122880K, 0% used [0x00000000d5580000,0x00000000d5580000,0x00000000dcd80000)
  from space 5120K, 99% used [0x00000000dcd80000,0x00000000dd27e638,0x00000000dd280000)
  to   space 13824K, 0% used [0x00000000e1f00000,0x00000000e1f00000,0x00000000e2c80000)
 ParOldGen       total 60416K, used 15762K [0x0000000080000000, 0x0000000083b00000, 0x00000000d5580000)
  object space 60416K, 26% used [0x0000000080000000,0x0000000080f64978,0x0000000083b00000)
 Metaspace       used 29440K, capacity 29896K, committed 30208K, reserved 1075200K
  class space    used 4120K, capacity 4283K, committed 4352K, reserved 1048576K
}
Event: 3.915 GC heap before
{Heap before GC invocations=7 (full 1):
 PSYoungGen      total 128000K, used 53935K [0x00000000d5580000, 0x00000000e2c80000, 0x0000000100000000)
  eden space 122880K, 39% used [0x00000000d5580000,0x00000000d852d990,0x00000000dcd80000)
  from space 5120K, 99% used [0x00000000dcd80000,0x00000000dd27e638,0x00000000dd280000)
  to   space 13824K, 0% used [0x00000000e1f00000,0x00000000e1f00000,0x00000000e2c80000)
 ParOldGen       total 60416K, used 15762K [0x0000000080000000, 0x0000000083b00000, 0x00000000d5580000)
  object space 60416K, 26% used [0x0000000080000000,0x0000000080f64978,0x0000000083b00000)
 Metaspace       used 34585K, capacity 35252K, committed 35416K, reserved 1079296K
  class space    used 4792K, capacity 5026K, committed 5120K, reserved 1048576K
Event: 3.935 GC heap after
Heap after GC invocations=7 (full 1):
 PSYoungGen      total 205824K, used 10376K [0x00000000d5580000, 0x00000000e3100000, 0x0000000100000000)
  eden space 192000K, 0% used [0x00000000d5580000,0x00000000d5580000,0x00000000e1100000)
  from space 13824K, 75% used [0x00000000e1f00000,0x00000000e2922368,0x00000000e2c80000)
  to   space 14336K, 0% used [0x00000000e1100000,0x00000000e1100000,0x00000000e1f00000)
 ParOldGen       total 60416K, used 15770K [0x0000000080000000, 0x0000000083b00000, 0x00000000d5580000)
  object space 60416K, 26% used [0x0000000080000000,0x0000000080f66978,0x0000000083b00000)
 Metaspace       used 34585K, capacity 35252K, committed 35416K, reserved 1079296K
  class space    used 4792K, capacity 5026K, committed 5120K, reserved 1048576K
}
Event: 3.935 GC heap before
{Heap before GC invocations=8 (full 2):
 PSYoungGen      total 205824K, used 10376K [0x00000000d5580000, 0x00000000e3100000, 0x0000000100000000)
  eden space 192000K, 0% used [0x00000000d5580000,0x00000000d5580000,0x00000000e1100000)
  from space 13824K, 75% used [0x00000000e1f00000,0x00000000e2922368,0x00000000e2c80000)
  to   space 14336K, 0% used [0x00000000e1100000,0x00000000e1100000,0x00000000e1f00000)
 ParOldGen       total 60416K, used 15770K [0x0000000080000000, 0x0000000083b00000, 0x00000000d5580000)
  object space 60416K, 26% used [0x0000000080000000,0x0000000080f66978,0x0000000083b00000)
 Metaspace       used 34585K, capacity 35252K, committed 35416K, reserved 1079296K
  class space    used 4792K, capacity 5026K, committed 5120K, reserved 1048576K
Event: 3.993 GC heap after
Heap after GC invocations=8 (full 2):
 PSYoungGen      total 205824K, used 0K [0x00000000d5580000, 0x00000000e3100000, 0x0000000100000000)
  eden space 192000K, 0% used [0x00000000d5580000,0x00000000d5580000,0x00000000e1100000)
  from space 13824K, 0% used [0x00000000e1f00000,0x00000000e1f00000,0x00000000e2c80000)
  to   space 14336K, 0% used [0x00000000e1100000,0x00000000e1100000,0x00000000e1f00000)
 ParOldGen       total 93696K, used 17002K [0x0000000080000000, 0x0000000085b80000, 0x00000000d5580000)
  object space 93696K, 18% used [0x0000000080000000,0x000000008109a940,0x0000000085b80000)
 Metaspace       used 34585K, capacity 35252K, committed 35416K, reserved 1079296K
  class space    used 4792K, capacity 5026K, committed 5120K, reserved 1048576K
}
Event: 6.047 GC heap before
{Heap before GC invocations=9 (full 2):
 PSYoungGen      total 205824K, used 192000K [0x00000000d5580000, 0x00000000e3100000, 0x0000000100000000)
  eden space 192000K, 100% used [0x00000000d5580000,0x00000000e1100000,0x00000000e1100000)
  from space 13824K, 0% used [0x00000000e1f00000,0x00000000e1f00000,0x00000000e2c80000)
  to   space 14336K, 0% used [0x00000000e1100000,0x00000000e1100000,0x00000000e1f00000)
 ParOldGen       total 93696K, used 17002K [0x0000000080000000, 0x0000000085b80000, 0x00000000d5580000)
  object space 93696K, 18% used [0x0000000080000000,0x000000008109a940,0x0000000085b80000)
 Metaspace       used 50030K, capacity 51298K, committed 51456K, reserved 1093632K
  class space    used 6723K, capacity 7060K, committed 7168K, reserved 1048576K
Event: 6.074 GC heap after
Heap after GC invocations=9 (full 2):
 PSYoungGen      total 206336K, used 14308K [0x00000000d5580000, 0x00000000e8a80000, 0x0000000100000000)
  eden space 192000K, 0% used [0x00000000d5580000,0x00000000d5580000,0x00000000e1100000)
  from space 14336K, 99% used [0x00000000e1100000,0x00000000e1ef92d8,0x00000000e1f00000)
  to   space 19968K, 0% used [0x00000000e7700000,0x00000000e7700000,0x00000000e8a80000)
 ParOldGen       total 93696K, used 23873K [0x0000000080000000, 0x0000000085b80000, 0x00000000d5580000)
  object space 93696K, 25% used [0x0000000080000000,0x0000000081750690,0x0000000085b80000)
 Metaspace       used 50030K, capacity 51298K, committed 51456K, reserved 1093632K
  class space    used 6723K, capacity 7060K, committed 7168K, reserved 1048576K
}

