# JRE version: OpenJDK Runtime Environment (8.0_152-b06) (build 1.8.0_152-release-1136-b06)
# Java VM: OpenJDK 64-Bit Server VM (25.152-b06 mixed mode windows-amd64 compressed oops)
Heap:
 PSYoungGen      total 573440K, used 222987K [0x00000000d5580000, 0x00000000fd600000, 0x0000000100000000)
  eden space 499200K, 36% used [0x00000000d5580000,0x00000000e08a1cb8,0x00000000f3d00000)
  from space 74240K, 53% used [0x00000000f8480000,0x00000000fab20fd8,0x00000000fcd00000)
  to   space 73216K, 0% used [0x00000000f3d00000,0x00000000f3d00000,0x00000000f8480000)
 ParOldGen       total 300544K, used 128388K [0x0000000080000000, 0x0000000092580000, 0x00000000d5580000)
  object space 300544K, 42% used [0x0000000080000000,0x0000000087d61080,0x0000000092580000)
 Metaspace       used 150142K, capacity 158056K, committed 158464K, reserved 1187840K
  class space    used 19087K, capacity 20829K, committed 20992K, reserved 1048576K
GC Heap History (10 events):
Event: 1231.459 GC heap before
{Heap before GC invocations=27 (full 4):
 PSYoungGen      total 461824K, used 416423K [0x00000000d5580000, 0x00000000f6800000, 0x0000000100000000)
  eden space 393728K, 100% used [0x00000000d5580000,0x00000000ed600000,0x00000000ed600000)
  from space 68096K, 33% used [0x00000000f2580000,0x00000000f3ba9c40,0x00000000f6800000)
  to   space 74752K, 0% used [0x00000000ed600000,0x00000000ed600000,0x00000000f1f00000)
 ParOldGen       total 290304K, used 185342K [0x0000000080000000, 0x0000000091b80000, 0x00000000d5580000)
  object space 290304K, 63% used [0x0000000080000000,0x000000008b4ffb70,0x0000000091b80000)
 Metaspace       used 107586K, capacity 113078K, committed 113408K, reserved 1146880K
  class space    used 13789K, capacity 15035K, committed 15104K, reserved 1048576K
Event: 1231.494 GC heap after
Heap after GC invocations=27 (full 4):
 PSYoungGen      total 468480K, used 36083K [0x00000000d5580000, 0x00000000faa80000, 0x0000000100000000)
  eden space 393728K, 0% used [0x00000000d5580000,0x00000000d5580000,0x00000000ed600000)
  from space 74752K, 48% used [0x00000000ed600000,0x00000000ef93cf48,0x00000000f1f00000)
  to   space 73216K, 0% used [0x00000000f6300000,0x00000000f6300000,0x00000000faa80000)
 ParOldGen       total 290304K, used 194424K [0x0000000080000000, 0x0000000091b80000, 0x00000000d5580000)
  object space 290304K, 66% used [0x0000000080000000,0x000000008bdde2b0,0x0000000091b80000)
 Metaspace       used 107586K, capacity 113078K, committed 113408K, reserved 1146880K
  class space    used 13789K, capacity 15035K, committed 15104K, reserved 1048576K
}
Event: 1327.862 GC heap before
{Heap before GC invocations=28 (full 4):
 PSYoungGen      total 468480K, used 429811K [0x00000000d5580000, 0x00000000faa80000, 0x0000000100000000)
  eden space 393728K, 100% used [0x00000000d5580000,0x00000000ed600000,0x00000000ed600000)
  from space 74752K, 48% used [0x00000000ed600000,0x00000000ef93cf48,0x00000000f1f00000)
  to   space 73216K, 0% used [0x00000000f6300000,0x00000000f6300000,0x00000000faa80000)
 ParOldGen       total 290304K, used 194424K [0x0000000080000000, 0x0000000091b80000, 0x00000000d5580000)
  object space 290304K, 66% used [0x0000000080000000,0x000000008bdde2b0,0x0000000091b80000)
 Metaspace       used 116635K, capacity 122414K, committed 122752K, reserved 1155072K
  class space    used 14839K, capacity 16172K, committed 16256K, reserved 1048576K
Event: 1327.899 GC heap after
Heap after GC invocations=28 (full 4):
 PSYoungGen      total 510464K, used 18899K [0x00000000d5580000, 0x00000000f9a00000, 0x0000000100000000)
  eden space 454144K, 0% used [0x00000000d5580000,0x00000000d5580000,0x00000000f1100000)
  from space 56320K, 33% used [0x00000000f6300000,0x00000000f7574eb8,0x00000000f9a00000)
  to   space 70144K, 0% used [0x00000000f1100000,0x00000000f1100000,0x00000000f5580000)
 ParOldGen       total 290304K, used 194523K [0x0000000080000000, 0x0000000091b80000, 0x00000000d5580000)
  object space 290304K, 67% used [0x0000000080000000,0x000000008bdf6ec0,0x0000000091b80000)
 Metaspace       used 116635K, capacity 122414K, committed 122752K, reserved 1155072K
  class space    used 14839K, capacity 16172K, committed 16256K, reserved 1048576K
}
Event: 1414.766 GC heap before
{Heap before GC invocations=29 (full 4):
 PSYoungGen      total 510464K, used 417854K [0x00000000d5580000, 0x00000000f9a00000, 0x0000000100000000)
  eden space 454144K, 87% used [0x00000000d5580000,0x00000000edb1a950,0x00000000f1100000)
  from space 56320K, 33% used [0x00000000f6300000,0x00000000f7574eb8,0x00000000f9a00000)
  to   space 70144K, 0% used [0x00000000f1100000,0x00000000f1100000,0x00000000f5580000)
 ParOldGen       total 290304K, used 194523K [0x0000000080000000, 0x0000000091b80000, 0x00000000d5580000)
  object space 290304K, 67% used [0x0000000080000000,0x000000008bdf6ec0,0x0000000091b80000)
 Metaspace       used 132123K, capacity 139206K, committed 139308K, reserved 1169408K
  class space    used 16866K, capacity 18469K, committed 18560K, reserved 1048576K
Event: 1414.810 GC heap after
Heap after GC invocations=29 (full 4):
 PSYoungGen      total 524288K, used 49871K [0x00000000d5580000, 0x00000000fcd00000, 0x0000000100000000)
  eden space 454144K, 0% used [0x00000000d5580000,0x00000000d5580000,0x00000000f1100000)
  from space 70144K, 71% used [0x00000000f1100000,0x00000000f41b3d90,0x00000000f5580000)
  to   space 74240K, 0% used [0x00000000f8480000,0x00000000f8480000,0x00000000fcd00000)
 ParOldGen       total 290304K, used 194539K [0x0000000080000000, 0x0000000091b80000, 0x00000000d5580000)
  object space 290304K, 67% used [0x0000000080000000,0x000000008bdfaec0,0x0000000091b80000)
 Metaspace       used 132123K, capacity 139206K, committed 139308K, reserved 1169408K
  class space    used 16866K, capacity 18469K, committed 18560K, reserved 1048576K
}
Event: 1414.810 GC heap before
{Heap before GC invocations=30 (full 5):
 PSYoungGen      total 524288K, used 49871K [0x00000000d5580000, 0x00000000fcd00000, 0x0000000100000000)
  eden space 454144K, 0% used [0x00000000d5580000,0x00000000d5580000,0x00000000f1100000)
  from space 70144K, 71% used [0x00000000f1100000,0x00000000f41b3d90,0x00000000f5580000)
  to   space 74240K, 0% used [0x00000000f8480000,0x00000000f8480000,0x00000000fcd00000)
 ParOldGen       total 290304K, used 194539K [0x0000000080000000, 0x0000000091b80000, 0x00000000d5580000)
  object space 290304K, 67% used [0x0000000080000000,0x000000008bdfaec0,0x0000000091b80000)
 Metaspace       used 132123K, capacity 139206K, committed 139308K, reserved 1169408K
  class space    used 16866K, capacity 18469K, committed 18560K, reserved 1048576K
Event: 1415.072 GC heap after
Heap after GC invocations=30 (full 5):
 PSYoungGen      total 524288K, used 0K [0x00000000d5580000, 0x00000000fcd00000, 0x0000000100000000)
  eden space 454144K, 0% used [0x00000000d5580000,0x00000000d5580000,0x00000000f1100000)
  from space 70144K, 0% used [0x00000000f1100000,0x00000000f1100000,0x00000000f5580000)
  to   space 74240K, 0% used [0x00000000f8480000,0x00000000f8480000,0x00000000fcd00000)
 ParOldGen       total 300544K, used 128380K [0x0000000080000000, 0x0000000092580000, 0x00000000d5580000)
  object space 300544K, 42% used [0x0000000080000000,0x0000000087d5f080,0x0000000092580000)
 Metaspace       used 131906K, capacity 138798K, committed 139308K, reserved 1169408K
  class space    used 16803K, capacity 18340K, committed 18560K, reserved 1048576K
}
Event: 1419.696 GC heap before
{Heap before GC invocations=31 (full 5):
 PSYoungGen      total 524288K, used 454144K [0x00000000d5580000, 0x00000000fcd00000, 0x0000000100000000)
  eden space 454144K, 100% used [0x00000000d5580000,0x00000000f1100000,0x00000000f1100000)
  from space 70144K, 0% used [0x00000000f1100000,0x00000000f1100000,0x00000000f5580000)
  to   space 74240K, 0% used [0x00000000f8480000,0x00000000f8480000,0x00000000fcd00000)
 ParOldGen       total 300544K, used 128380K [0x0000000080000000, 0x0000000092580000, 0x00000000d5580000)
  object space 300544K, 42% used [0x0000000080000000,0x0000000087d5f080,0x0000000092580000)
 Metaspace       used 149560K, capacity 157406K, committed 157568K, reserved 1185792K
  class space    used 19043K, capacity 20764K, committed 20864K, reserved 1048576K
Event: 1419.751 GC heap after
Heap after GC invocations=31 (full 5):
 PSYoungGen      total 573440K, used 39555K [0x00000000d5580000, 0x00000000fd600000, 0x0000000100000000)
  eden space 499200K, 0% used [0x00000000d5580000,0x00000000d5580000,0x00000000f3d00000)
  from space 74240K, 53% used [0x00000000f8480000,0x00000000fab20fd8,0x00000000fcd00000)
  to   space 73216K, 0% used [0x00000000f3d00000,0x00000000f3d00000,0x00000000f8480000)
 ParOldGen       total 300544K, used 128388K [0x0000000080000000, 0x0000000092580000, 0x00000000d5580000)
  object space 300544K, 42% used [0x0000000080000000,0x0000000087d61080,0x0000000092580000)
 Metaspace       used 149560K, capacity 157406K, committed 157568K, reserved 1185792K
  class space    used 19043K, capacity 20764K, committed 20864K, reserved 1048576K
}

